Using pre-set license
Built from '2020.3/staging' branch; Version is '2020.3.5f1 (8095aa901b9b) revision 8426922'; Using compiler version '192528614'; Build Type 'Release'
OS: 'Windows 10 Home; OS build 19043.1288; Version 2009; 64bit' Language: 'en' Physical Memory: 32682 MB
BatchMode: 1, IsHumanControllingUs: 0, StartBugReporterOnCrash: 0, Is64bit: 1, IsPro: 0

 COMMAND LINE ARGUMENTS:
C:\Program Files\Unity\Hub\Editor\2020.3.5f1\Editor\Unity.exe
-adb2
-batchMode
-noUpm
-name
AssetImportWorker0
-projectPath
C:/Users/lfanl/Documents/capstone/2.ShaderWithTexture
-logFile
Logs/AssetImportWorker0.log
-srvPort
55922
Successfully changed project path to: C:/Users/lfanl/Documents/capstone/2.ShaderWithTexture
C:/Users/lfanl/Documents/capstone/2.ShaderWithTexture
Using Asset Import Pipeline V2.
Refreshing native plugins compatible for Editor in 18.59 ms, found 0 plugins.
Preloading 0 native plugins for Editor in 0.00 ms.
Initialize engine version: 2020.3.5f1 (8095aa901b9b)
[Subsystems] Discovering subsystems at path C:/Program Files/Unity/Hub/Editor/2020.3.5f1/Editor/Data/Resources/UnitySubsystems
[Subsystems] Discovering subsystems at path C:/Users/lfanl/Documents/capstone/2.ShaderWithTexture/Assets
GfxDevice: creating device client; threaded=0
Direct3D:
    Version:  Direct3D 11.0 [level 11.1]
    Renderer: NVIDIA GeForce GTX 1660 SUPER (ID=0x21c4)
    Vendor:   
    VRAM:     5991 MB
    Driver:   27.21.14.5751
Initialize mono
Mono path[0] = 'C:/Program Files/Unity/Hub/Editor/2020.3.5f1/Editor/Data/Managed'
Mono path[1] = 'C:/Program Files/Unity/Hub/Editor/2020.3.5f1/Editor/Data/MonoBleedingEdge/lib/mono/unityjit'
Mono config path = 'C:/Program Files/Unity/Hub/Editor/2020.3.5f1/Editor/Data/MonoBleedingEdge/etc'
Using monoOptions --debugger-agent=transport=dt_socket,embedding=1,server=y,suspend=n,address=127.0.0.1:56340
Begin MonoManager ReloadAssembly
Registering precompiled unity dll's ...
Register platform support module: C:/Program Files/Unity/Hub/Editor/2020.3.5f1/Editor/Data/PlaybackEngines/WebGLSupport/UnityEditor.WebGL.Extensions.dll
Register platform support module: C:/Program Files/Unity/Hub/Editor/2020.3.5f1/Editor/Data/PlaybackEngines/WindowsStandaloneSupport/UnityEditor.WindowsStandalone.Extensions.dll
Registered in 0.001957 seconds.
Native extension for WindowsStandalone target not found
Native extension for WebGL target not found
Refreshing native plugins compatible for Editor in 23.26 ms, found 0 plugins.
Preloading 0 native plugins for Editor in 0.00 ms.
Mono: successfully reloaded assembly
- Completed reload, in  1.007 seconds
Platform modules already initialized, skipping
Registering precompiled user dll's ...
Registered in 0.000667 seconds.
Begin MonoManager ReloadAssembly
Native extension for WindowsStandalone target not found
Native extension for WebGL target not found
Refreshing native plugins compatible for Editor in 0.23 ms, found 0 plugins.
Preloading 0 native plugins for Editor in 0.00 ms.
Mono: successfully reloaded assembly
- Completed reload, in  0.668 seconds
Platform modules already initialized, skipping
========================================================================
Worker process is ready to serve import requests
Launched and connected shader compiler UnityShaderCompiler.exe after 0.03 seconds
Refreshing native plugins compatible for Editor in 0.25 ms, found 0 plugins.
Preloading 0 native plugins for Editor in 0.00 ms.
Unloading 1117 Unused Serialized files (Serialized files now loaded: 0)
System memory in use before: 57.6 MB.
System memory in use after: 57.7 MB.

Unloading 10 unused Assets to reduce memory usage. Loaded Objects now: 1560.
Total: 1.562400 ms (FindLiveObjects: 0.139100 ms CreateObjectMapping: 0.029400 ms MarkObjects: 1.323200 ms  DeleteObjects: 0.069900 ms)

========================================================================
Received Import Request.
  path: Assets/Resources/TestMat.mat
  artifactKey: Guid(8158ab4303cbff549a835228b8be3dbc) Importer(815301076,1909f56bfc062723c751e8b465ee728b)
Start importing Assets/Resources/TestMat.mat using Guid(8158ab4303cbff549a835228b8be3dbc) Importer(815301076,1909f56bfc062723c751e8b465ee728b)  -> (artifact id: '155af5143801ac21dab24a54fc2a8e1d') in 0.098732 seconds
  Import took 0.100642 seconds .

========================================================================
Received Import Request.
  Time since last request: 12.717566 seconds.
  path: Assets/Source/SingleTextured.cs
  artifactKey: Guid(347630cdc4a95e141adc4aec7ea941f9) Importer(815301076,1909f56bfc062723c751e8b465ee728b)
Start importing Assets/Source/SingleTextured.cs using Guid(347630cdc4a95e141adc4aec7ea941f9) Importer(815301076,1909f56bfc062723c751e8b465ee728b)  -> (artifact id: '477997e87aa08b88e21ab4576b47e5ed') in 0.011223 seconds
  Import took 0.013149 seconds .

========================================================================
Received Import Request.
  Time since last request: 0.001706 seconds.
  path: Assets/Source/SingleTextured.cs
  artifactKey: Guid(347630cdc4a95e141adc4aec7ea941f9) Importer(815301076,1909f56bfc062723c751e8b465ee728b)
Start importing Assets/Source/SingleTextured.cs using Guid(347630cdc4a95e141adc4aec7ea941f9) Importer(815301076,1909f56bfc062723c751e8b465ee728b)  -> (artifact id: '477997e87aa08b88e21ab4576b47e5ed') in 0.002702 seconds
  Import took 0.004309 seconds .

========================================================================
Received Prepare
Registering precompiled user dll's ...
Registered in 0.000524 seconds.
Begin MonoManager ReloadAssembly
Native extension for WindowsStandalone target not found
Native extension for WebGL target not found
Refreshing native plugins compatible for Editor in 0.23 ms, found 0 plugins.
Preloading 0 native plugins for Editor in 0.00 ms.
Mono: successfully reloaded assembly
- Completed reload, in  0.671 seconds
Platform modules already initialized, skipping
Refreshing native plugins compatible for Editor in 0.25 ms, found 0 plugins.
Preloading 0 native plugins for Editor in 0.00 ms.
Unloading 1111 Unused Serialized files (Serialized files now loaded: 0)
System memory in use before: 60.8 MB.
System memory in use after: 60.9 MB.

Unloading 5 unused Assets to reduce memory usage. Loaded Objects now: 1603.
Total: 1.751700 ms (FindLiveObjects: 0.175900 ms CreateObjectMapping: 0.026700 ms MarkObjects: 1.497300 ms  DeleteObjects: 0.050700 ms)

========================================================================
Received Import Request.
  Time since last request: 51.663156 seconds.
  path: Assets/Source/SingleTextured.cs
  artifactKey: Guid(347630cdc4a95e141adc4aec7ea941f9) Importer(815301076,1909f56bfc062723c751e8b465ee728b)
Start importing Assets/Source/SingleTextured.cs using Guid(347630cdc4a95e141adc4aec7ea941f9) Importer(815301076,1909f56bfc062723c751e8b465ee728b)  -> (artifact id: '30ed515c5c8a8e3201e8136cd8ae6903') in 0.006984 seconds
  Import took 0.008736 seconds .

========================================================================
Received Import Request.
  Time since last request: 0.001962 seconds.
  path: Assets/Source/SingleTextured.cs
  artifactKey: Guid(347630cdc4a95e141adc4aec7ea941f9) Importer(815301076,1909f56bfc062723c751e8b465ee728b)
Start importing Assets/Source/SingleTextured.cs using Guid(347630cdc4a95e141adc4aec7ea941f9) Importer(815301076,1909f56bfc062723c751e8b465ee728b)  -> (artifact id: '30ed515c5c8a8e3201e8136cd8ae6903') in 0.001665 seconds
  Import took 0.002917 seconds .

========================================================================
Received Prepare
Registering precompiled user dll's ...
Registered in 0.001291 seconds.
Begin MonoManager ReloadAssembly
Native extension for WindowsStandalone target not found
Native extension for WebGL target not found
Refreshing native plugins compatible for Editor in 0.26 ms, found 0 plugins.
Preloading 0 native plugins for Editor in 0.00 ms.
Mono: successfully reloaded assembly
- Completed reload, in  0.926 seconds
Platform modules already initialized, skipping
Refreshing native plugins compatible for Editor in 0.30 ms, found 0 plugins.
Preloading 0 native plugins for Editor in 0.00 ms.
Unloading 1111 Unused Serialized files (Serialized files now loaded: 0)
System memory in use before: 60.8 MB.
System memory in use after: 60.9 MB.

Unloading 5 unused Assets to reduce memory usage. Loaded Objects now: 1606.
Total: 2.549200 ms (FindLiveObjects: 0.298800 ms CreateObjectMapping: 0.038500 ms MarkObjects: 2.105300 ms  DeleteObjects: 0.101000 ms)

