Using pre-set license
Built from '2020.3/staging' branch; Version is '2020.3.5f1 (8095aa901b9b) revision 8426922'; Using compiler version '192528614'; Build Type 'Release'
OS: 'Windows 10 Home; OS build 19043.1237; Version 2009; 64bit' Language: 'en' Physical Memory: 32682 MB
BatchMode: 1, IsHumanControllingUs: 0, StartBugReporterOnCrash: 0, Is64bit: 1, IsPro: 0

 COMMAND LINE ARGUMENTS:
C:\Program Files\Unity\Hub\Editor\2020.3.5f1\Editor\Unity.exe
-adb2
-batchMode
-noUpm
-name
AssetImportWorker0
-projectPath
C:/Users/lfanl/Documents/capstone/2.ShaderWithTexture
-logFile
Logs/AssetImportWorker0.log
-srvPort
62716
Successfully changed project path to: C:/Users/lfanl/Documents/capstone/2.ShaderWithTexture
C:/Users/lfanl/Documents/capstone/2.ShaderWithTexture
Using Asset Import Pipeline V2.
Refreshing native plugins compatible for Editor in 25.10 ms, found 0 plugins.
Preloading 0 native plugins for Editor in 0.00 ms.
Initialize engine version: 2020.3.5f1 (8095aa901b9b)
[Subsystems] Discovering subsystems at path C:/Program Files/Unity/Hub/Editor/2020.3.5f1/Editor/Data/Resources/UnitySubsystems
[Subsystems] Discovering subsystems at path C:/Users/lfanl/Documents/capstone/2.ShaderWithTexture/Assets
GfxDevice: creating device client; threaded=0
Direct3D:
    Version:  Direct3D 11.0 [level 11.1]
    Renderer: NVIDIA GeForce GTX 1660 SUPER (ID=0x21c4)
    Vendor:   
    VRAM:     5991 MB
    Driver:   27.21.14.5751
Initialize mono
Mono path[0] = 'C:/Program Files/Unity/Hub/Editor/2020.3.5f1/Editor/Data/Managed'
Mono path[1] = 'C:/Program Files/Unity/Hub/Editor/2020.3.5f1/Editor/Data/MonoBleedingEdge/lib/mono/unityjit'
Mono config path = 'C:/Program Files/Unity/Hub/Editor/2020.3.5f1/Editor/Data/MonoBleedingEdge/etc'
Using monoOptions --debugger-agent=transport=dt_socket,embedding=1,server=y,suspend=n,address=127.0.0.1:56528
Begin MonoManager ReloadAssembly
Registering precompiled unity dll's ...
Register platform support module: C:/Program Files/Unity/Hub/Editor/2020.3.5f1/Editor/Data/PlaybackEngines/WebGLSupport/UnityEditor.WebGL.Extensions.dll
Register platform support module: C:/Program Files/Unity/Hub/Editor/2020.3.5f1/Editor/Data/PlaybackEngines/WindowsStandaloneSupport/UnityEditor.WindowsStandalone.Extensions.dll
Registered in 0.168107 seconds.
Native extension for WindowsStandalone target not found
Native extension for WebGL target not found
Refreshing native plugins compatible for Editor in 19.56 ms, found 0 plugins.
Preloading 0 native plugins for Editor in 0.00 ms.
Mono: successfully reloaded assembly
- Completed reload, in  3.660 seconds
Platform modules already initialized, skipping
Registering precompiled user dll's ...
Registered in 0.035877 seconds.
Begin MonoManager ReloadAssembly
Native extension for WindowsStandalone target not found
Native extension for WebGL target not found
Refreshing native plugins compatible for Editor in 0.24 ms, found 0 plugins.
Preloading 0 native plugins for Editor in 0.00 ms.
Mono: successfully reloaded assembly
- Completed reload, in  1.551 seconds
Platform modules already initialized, skipping
========================================================================
Worker process is ready to serve import requests
Launched and connected shader compiler UnityShaderCompiler.exe after 0.10 seconds
Refreshing native plugins compatible for Editor in 0.34 ms, found 0 plugins.
Preloading 0 native plugins for Editor in 0.00 ms.
Unloading 1115 Unused Serialized files (Serialized files now loaded: 0)
System memory in use before: 57.1 MB.
System memory in use after: 57.2 MB.

Unloading 10 unused Assets to reduce memory usage. Loaded Objects now: 1557.
Total: 2.025000 ms (FindLiveObjects: 0.188000 ms CreateObjectMapping: 0.034300 ms MarkObjects: 1.723400 ms  DeleteObjects: 0.077900 ms)

========================================================================
Received Import Request.
  path: Assets/Scenes
  artifactKey: Guid(40a84762012f34249bd5c64924c348c2) Importer(815301076,1909f56bfc062723c751e8b465ee728b)
Start importing Assets/Scenes using Guid(40a84762012f34249bd5c64924c348c2) Importer(815301076,1909f56bfc062723c751e8b465ee728b)  -> (artifact id: '28aedd20256cdbdc26513e8d4a7d4cb2') in 0.008981 seconds
  Import took 0.011574 seconds .

========================================================================
Received Import Request.
  Time since last request: 0.078514 seconds.
  path: Assets
  artifactKey: Guid(00000000000000001000000000000000) Importer(815301076,1909f56bfc062723c751e8b465ee728b)
Start importing Assets using Guid(00000000000000001000000000000000) Importer(815301076,1909f56bfc062723c751e8b465ee728b)  -> (artifact id: 'e4856052512617ee48189cf1d7999900') in 0.008393 seconds
  Import took 0.010903 seconds .

========================================================================
Received Import Request.
  Time since last request: 5.219813 seconds.
  path: Assets/Resources
  artifactKey: Guid(50faf78803fc43d4db550629dfc44fb6) Importer(815301076,1909f56bfc062723c751e8b465ee728b)
Start importing Assets/Resources using Guid(50faf78803fc43d4db550629dfc44fb6) Importer(815301076,1909f56bfc062723c751e8b465ee728b)  -> (artifact id: '3ecbab1b78a0d76ed5a86ec9934695b7') in 0.006807 seconds
  Import took 0.009354 seconds .

========================================================================
Received Import Request.
  Time since last request: 0.002534 seconds.
  path: Assets/Resources
  artifactKey: Guid(50faf78803fc43d4db550629dfc44fb6) Importer(815301076,1909f56bfc062723c751e8b465ee728b)
Start importing Assets/Resources using Guid(50faf78803fc43d4db550629dfc44fb6) Importer(815301076,1909f56bfc062723c751e8b465ee728b)  -> (artifact id: '3ecbab1b78a0d76ed5a86ec9934695b7') in 0.003239 seconds
  Import took 0.005415 seconds .

========================================================================
Received Import Request.
  Time since last request: 44.460991 seconds.
  path: Assets/Resources/AMat.mat
  artifactKey: Guid(c481e5ed2a9bcae4ba71920a0a379a59) Importer(815301076,1909f56bfc062723c751e8b465ee728b)
Start importing Assets/Resources/AMat.mat using Guid(c481e5ed2a9bcae4ba71920a0a379a59) Importer(815301076,1909f56bfc062723c751e8b465ee728b)  -> (artifact id: 'ed5d5aaf4545f4bcb70e59a15c02f37a') in 0.089454 seconds
  Import took 0.092106 seconds .

========================================================================
Received Import Request.
  Time since last request: 80.132331 seconds.
  path: Assets/SingleTexture.shader
  artifactKey: Guid(bba1939bf9b0193459ee1b04da966cd8) Importer(815301076,1909f56bfc062723c751e8b465ee728b)
Start importing Assets/SingleTexture.shader using Guid(bba1939bf9b0193459ee1b04da966cd8) Importer(815301076,1909f56bfc062723c751e8b465ee728b)  -> (artifact id: '8267d33a7152d774445f2ef0ebe9bad7') in 0.011689 seconds
  Import took 0.014003 seconds .

========================================================================
Received Import Request.
  Time since last request: 1.481695 seconds.
  path: Assets/SingleTexture.shader
  artifactKey: Guid(bba1939bf9b0193459ee1b04da966cd8) Importer(815301076,1909f56bfc062723c751e8b465ee728b)
Start importing Assets/SingleTexture.shader using Guid(bba1939bf9b0193459ee1b04da966cd8) Importer(815301076,1909f56bfc062723c751e8b465ee728b)  -> (artifact id: '8267d33a7152d774445f2ef0ebe9bad7') in 0.003070 seconds
  Import took 0.005174 seconds .

========================================================================
Received Import Request.
  Time since last request: 1586.285377 seconds.
  path: Assets/SingleTexture.shader
  artifactKey: Guid(bba1939bf9b0193459ee1b04da966cd8) Importer(815301076,1909f56bfc062723c751e8b465ee728b)
Start importing Assets/SingleTexture.shader using Guid(bba1939bf9b0193459ee1b04da966cd8) Importer(815301076,1909f56bfc062723c751e8b465ee728b)  -> (artifact id: 'e14911ca18d207885c79e46cb2ac310b') in 0.003737 seconds
  Import took 0.006439 seconds .

========================================================================
Received Import Request.
  Time since last request: 73.407802 seconds.
  path: Assets/SingleTexture.shader
  artifactKey: Guid(bba1939bf9b0193459ee1b04da966cd8) Importer(815301076,1909f56bfc062723c751e8b465ee728b)
Start importing Assets/SingleTexture.shader using Guid(bba1939bf9b0193459ee1b04da966cd8) Importer(815301076,1909f56bfc062723c751e8b465ee728b)  -> (artifact id: '160306d2c7f6f4e234afec31c6966dfe') in 0.003516 seconds
  Import took 0.005576 seconds .

========================================================================
Received Import Request.
  Time since last request: 12.703201 seconds.
  path: Assets/SingleTexture.shader
  artifactKey: Guid(bba1939bf9b0193459ee1b04da966cd8) Importer(815301076,1909f56bfc062723c751e8b465ee728b)
Start importing Assets/SingleTexture.shader using Guid(bba1939bf9b0193459ee1b04da966cd8) Importer(815301076,1909f56bfc062723c751e8b465ee728b)  -> (artifact id: '0d37a14d0831108ecdfcdb2c32c99a6e') in 0.003086 seconds
  Import took 0.005245 seconds .

========================================================================
Received Import Request.
  Time since last request: 0.000721 seconds.
  path: Assets/SingleTexture.shader
  artifactKey: Guid(bba1939bf9b0193459ee1b04da966cd8) Importer(815301076,1909f56bfc062723c751e8b465ee728b)
Start importing Assets/SingleTexture.shader using Guid(bba1939bf9b0193459ee1b04da966cd8) Importer(815301076,1909f56bfc062723c751e8b465ee728b)  -> (artifact id: '0d37a14d0831108ecdfcdb2c32c99a6e') in 0.002839 seconds
  Import took 0.004696 seconds .

========================================================================
Received Import Request.
  Time since last request: 1225.444315 seconds.
  path: Assets/Resources/Materials
  artifactKey: Guid(f3391103b64f6c04d8cd54b13d4db9d7) Importer(815301076,1909f56bfc062723c751e8b465ee728b)
Start importing Assets/Resources/Materials using Guid(f3391103b64f6c04d8cd54b13d4db9d7) Importer(815301076,1909f56bfc062723c751e8b465ee728b)  -> (artifact id: 'f7f87533117a576b59669d576f2a29dd') in 0.006678 seconds
  Import took 0.009006 seconds .

========================================================================
Received Import Request.
  Time since last request: 5.713468 seconds.
  path: Assets/Resources/Textures
  artifactKey: Guid(d1e059d7460408e4f91cf629c079d458) Importer(815301076,1909f56bfc062723c751e8b465ee728b)
Start importing Assets/Resources/Textures using Guid(d1e059d7460408e4f91cf629c079d458) Importer(815301076,1909f56bfc062723c751e8b465ee728b)  -> (artifact id: '800a1281c90dde6381a80e15bc95003c') in 0.007997 seconds
  Import took 0.010025 seconds .

========================================================================
Received Import Request.
  Time since last request: 140.943221 seconds.
  path: Assets/Resources/Textures/greenA.png
  artifactKey: Guid(317d671377f7f424f80609ed14932a67) Importer(815301076,1909f56bfc062723c751e8b465ee728b)
Start importing Assets/Resources/Textures/greenA.png using Guid(317d671377f7f424f80609ed14932a67) Importer(815301076,1909f56bfc062723c751e8b465ee728b)  -> (artifact id: '138953f9416cf8b9bb2d26c15cbe8a37') in 0.041775 seconds
  Import took 0.044098 seconds .

========================================================================
Received Import Request.
  Time since last request: 69.954667 seconds.
  path: Assets/Resources/Textures/greenB.jpg
  artifactKey: Guid(c35e38a798ecd6b419d3aaf5bbe36879) Importer(815301076,1909f56bfc062723c751e8b465ee728b)
Start importing Assets/Resources/Textures/greenB.jpg using Guid(c35e38a798ecd6b419d3aaf5bbe36879) Importer(815301076,1909f56bfc062723c751e8b465ee728b)  -> (artifact id: '3ab846fadad653b49d2a5a52723a6182') in 0.012308 seconds
  Import took 0.014507 seconds .

========================================================================
Received Import Request.
  Time since last request: 0.000181 seconds.
  path: Assets/Resources/Textures/greenC.png
  artifactKey: Guid(dfcf0dedc577a90418ada35327d6afba) Importer(815301076,1909f56bfc062723c751e8b465ee728b)
Start importing Assets/Resources/Textures/greenC.png using Guid(dfcf0dedc577a90418ada35327d6afba) Importer(815301076,1909f56bfc062723c751e8b465ee728b)  -> (artifact id: '94922818675638d16574988e7909e56d') in 0.010485 seconds
  Import took 0.012253 seconds .

========================================================================
Received Import Request.
  Time since last request: 156.712792 seconds.
  path: Assets/Source
  artifactKey: Guid(6cc732ba45e09be42b6f463ba0038be6) Importer(815301076,1909f56bfc062723c751e8b465ee728b)
Start importing Assets/Source using Guid(6cc732ba45e09be42b6f463ba0038be6) Importer(815301076,1909f56bfc062723c751e8b465ee728b)  -> (artifact id: '3337c9a2de0a5f124fbdb5d7ffa01c64') in 0.006446 seconds
  Import took 0.008545 seconds .

========================================================================
Received Import Request.
  Time since last request: 19.969246 seconds.
  path: Assets/Source/Textured.cs
  artifactKey: Guid(347630cdc4a95e141adc4aec7ea941f9) Importer(815301076,1909f56bfc062723c751e8b465ee728b)
Start importing Assets/Source/Textured.cs using Guid(347630cdc4a95e141adc4aec7ea941f9) Importer(815301076,1909f56bfc062723c751e8b465ee728b)  -> (artifact id: 'ac6f7b33fa15fc81970cc6e6fc409593') in 0.009976 seconds
  Import took 0.012271 seconds .

========================================================================
Received Prepare
Registering precompiled user dll's ...
Registered in 0.000500 seconds.
Begin MonoManager ReloadAssembly
Native extension for WindowsStandalone target not found
Native extension for WebGL target not found
Refreshing native plugins compatible for Editor in 0.26 ms, found 0 plugins.
Preloading 0 native plugins for Editor in 0.00 ms.
Mono: successfully reloaded assembly
- Completed reload, in  0.661 seconds
Platform modules already initialized, skipping
Refreshing native plugins compatible for Editor in 0.38 ms, found 0 plugins.
Preloading 0 native plugins for Editor in 0.00 ms.
Unloading 1112 Unused Serialized files (Serialized files now loaded: 0)
System memory in use before: 60.5 MB.
System memory in use after: 60.6 MB.

Unloading 6 unused Assets to reduce memory usage. Loaded Objects now: 1602.
Total: 1.803400 ms (FindLiveObjects: 0.198200 ms CreateObjectMapping: 0.031000 ms MarkObjects: 1.506700 ms  DeleteObjects: 0.066100 ms)

========================================================================
Received Import Request.
  Time since last request: 12.588028 seconds.
  path: Assets/Source/SingleTextured.cs
  artifactKey: Guid(347630cdc4a95e141adc4aec7ea941f9) Importer(815301076,1909f56bfc062723c751e8b465ee728b)
Start importing Assets/Source/SingleTextured.cs using Guid(347630cdc4a95e141adc4aec7ea941f9) Importer(815301076,1909f56bfc062723c751e8b465ee728b)  -> (artifact id: '7089207c279ffef2b99a9e9989cb9f0d') in 0.009060 seconds
  Import took 0.011050 seconds .

========================================================================
Received Prepare
Registering precompiled user dll's ...
Registered in 0.000474 seconds.
Begin MonoManager ReloadAssembly
Native extension for WindowsStandalone target not found
Native extension for WebGL target not found
Refreshing native plugins compatible for Editor in 0.23 ms, found 0 plugins.
Preloading 0 native plugins for Editor in 0.00 ms.
Mono: successfully reloaded assembly
- Completed reload, in  0.657 seconds
Platform modules already initialized, skipping
Refreshing native plugins compatible for Editor in 0.25 ms, found 0 plugins.
Preloading 0 native plugins for Editor in 0.00 ms.
Unloading 1112 Unused Serialized files (Serialized files now loaded: 0)
System memory in use before: 60.6 MB.
System memory in use after: 60.6 MB.

Unloading 6 unused Assets to reduce memory usage. Loaded Objects now: 1605.
Total: 1.990700 ms (FindLiveObjects: 0.243200 ms CreateObjectMapping: 0.041800 ms MarkObjects: 1.641500 ms  DeleteObjects: 0.063200 ms)

========================================================================
Received Prepare
Registering precompiled user dll's ...
Registered in 0.000594 seconds.
Begin MonoManager ReloadAssembly
Native extension for WindowsStandalone target not found
Native extension for WebGL target not found
Refreshing native plugins compatible for Editor in 0.24 ms, found 0 plugins.
Preloading 0 native plugins for Editor in 0.00 ms.
Mono: successfully reloaded assembly
- Completed reload, in  0.653 seconds
Platform modules already initialized, skipping
Refreshing native plugins compatible for Editor in 0.26 ms, found 0 plugins.
Preloading 0 native plugins for Editor in 0.00 ms.
Unloading 1112 Unused Serialized files (Serialized files now loaded: 0)
System memory in use before: 60.6 MB.
System memory in use after: 60.6 MB.

Unloading 6 unused Assets to reduce memory usage. Loaded Objects now: 1608.
Total: 1.967500 ms (FindLiveObjects: 0.188000 ms CreateObjectMapping: 0.030900 ms MarkObjects: 1.677500 ms  DeleteObjects: 0.069900 ms)

========================================================================
Received Import Request.
  Time since last request: 186.074545 seconds.
  path: Assets/Source/SingleTextured.cs
  artifactKey: Guid(347630cdc4a95e141adc4aec7ea941f9) Importer(815301076,1909f56bfc062723c751e8b465ee728b)
Start importing Assets/Source/SingleTextured.cs using Guid(347630cdc4a95e141adc4aec7ea941f9) Importer(815301076,1909f56bfc062723c751e8b465ee728b)  -> (artifact id: 'fb9c32747ec0f4a2154e58411688a32f') in 0.004303 seconds
  Import took 0.006126 seconds .

========================================================================
Received Prepare
Registering precompiled user dll's ...
Registered in 0.000590 seconds.
Begin MonoManager ReloadAssembly
Native extension for WindowsStandalone target not found
Native extension for WebGL target not found
Refreshing native plugins compatible for Editor in 0.28 ms, found 0 plugins.
Preloading 0 native plugins for Editor in 0.00 ms.
Mono: successfully reloaded assembly
- Completed reload, in  0.643 seconds
Platform modules already initialized, skipping
Refreshing native plugins compatible for Editor in 0.27 ms, found 0 plugins.
Preloading 0 native plugins for Editor in 0.00 ms.
Unloading 1112 Unused Serialized files (Serialized files now loaded: 0)
System memory in use before: 60.6 MB.
System memory in use after: 60.6 MB.

Unloading 6 unused Assets to reduce memory usage. Loaded Objects now: 1611.
Total: 1.861900 ms (FindLiveObjects: 0.182900 ms CreateObjectMapping: 0.027000 ms MarkObjects: 1.579800 ms  DeleteObjects: 0.071000 ms)

========================================================================
Received Prepare
Registering precompiled user dll's ...
Registered in 0.000641 seconds.
Begin MonoManager ReloadAssembly
Native extension for WindowsStandalone target not found
Native extension for WebGL target not found
Refreshing native plugins compatible for Editor in 0.24 ms, found 0 plugins.
Preloading 0 native plugins for Editor in 0.00 ms.
Mono: successfully reloaded assembly
- Completed reload, in  0.635 seconds
Platform modules already initialized, skipping
Refreshing native plugins compatible for Editor in 0.28 ms, found 0 plugins.
Preloading 0 native plugins for Editor in 0.00 ms.
Unloading 1112 Unused Serialized files (Serialized files now loaded: 0)
System memory in use before: 60.6 MB.
System memory in use after: 60.7 MB.

Unloading 6 unused Assets to reduce memory usage. Loaded Objects now: 1614.
Total: 1.888700 ms (FindLiveObjects: 0.180900 ms CreateObjectMapping: 0.025900 ms MarkObjects: 1.613000 ms  DeleteObjects: 0.067400 ms)

========================================================================
Received Prepare
Registering precompiled user dll's ...
Registered in 0.000699 seconds.
Begin MonoManager ReloadAssembly
Native extension for WindowsStandalone target not found
Native extension for WebGL target not found
Refreshing native plugins compatible for Editor in 0.25 ms, found 0 plugins.
Preloading 0 native plugins for Editor in 0.00 ms.
Mono: successfully reloaded assembly
- Completed reload, in  0.681 seconds
Platform modules already initialized, skipping
Refreshing native plugins compatible for Editor in 0.38 ms, found 0 plugins.
Preloading 0 native plugins for Editor in 0.00 ms.
Unloading 1112 Unused Serialized files (Serialized files now loaded: 0)
System memory in use before: 60.6 MB.
System memory in use after: 60.7 MB.

Unloading 6 unused Assets to reduce memory usage. Loaded Objects now: 1617.
Total: 1.952700 ms (FindLiveObjects: 0.210400 ms CreateObjectMapping: 0.025700 ms MarkObjects: 1.636100 ms  DeleteObjects: 0.078800 ms)

========================================================================
Received Prepare
Registering precompiled user dll's ...
Registered in 0.000609 seconds.
Begin MonoManager ReloadAssembly
Native extension for WindowsStandalone target not found
Native extension for WebGL target not found
Refreshing native plugins compatible for Editor in 0.29 ms, found 0 plugins.
Preloading 0 native plugins for Editor in 0.00 ms.
Mono: successfully reloaded assembly
- Completed reload, in  0.696 seconds
Platform modules already initialized, skipping
Refreshing native plugins compatible for Editor in 0.39 ms, found 0 plugins.
Preloading 0 native plugins for Editor in 0.00 ms.
Unloading 1112 Unused Serialized files (Serialized files now loaded: 0)
System memory in use before: 60.6 MB.
System memory in use after: 60.7 MB.

Unloading 6 unused Assets to reduce memory usage. Loaded Objects now: 1620.
Total: 1.848200 ms (FindLiveObjects: 0.236200 ms CreateObjectMapping: 0.028400 ms MarkObjects: 1.516100 ms  DeleteObjects: 0.065900 ms)

========================================================================
Received Prepare
Registering precompiled user dll's ...
Registered in 0.000563 seconds.
Begin MonoManager ReloadAssembly
Native extension for WindowsStandalone target not found
Native extension for WebGL target not found
Refreshing native plugins compatible for Editor in 0.25 ms, found 0 plugins.
Preloading 0 native plugins for Editor in 0.00 ms.
Mono: successfully reloaded assembly
- Completed reload, in  0.649 seconds
Platform modules already initialized, skipping
Refreshing native plugins compatible for Editor in 0.28 ms, found 0 plugins.
Preloading 0 native plugins for Editor in 0.00 ms.
Unloading 1112 Unused Serialized files (Serialized files now loaded: 0)
System memory in use before: 60.6 MB.
System memory in use after: 60.7 MB.

Unloading 6 unused Assets to reduce memory usage. Loaded Objects now: 1623.
Total: 1.859500 ms (FindLiveObjects: 0.273900 ms CreateObjectMapping: 0.030400 ms MarkObjects: 1.479500 ms  DeleteObjects: 0.074400 ms)

========================================================================
Received Import Request.
  Time since last request: 2279.137631 seconds.
  path: Assets/Resources/Materials/TestMat.mat
  artifactKey: Guid(68e3ed27ee63d65489f6a273d14fad41) Importer(815301076,1909f56bfc062723c751e8b465ee728b)
Start importing Assets/Resources/Materials/TestMat.mat using Guid(68e3ed27ee63d65489f6a273d14fad41) Importer(815301076,1909f56bfc062723c751e8b465ee728b)  -> (artifact id: 'd3214c57e4ca3988f6e8aa4c2f6d1ecc') in 0.063547 seconds
  Import took 0.065919 seconds .

========================================================================
Received Prepare
Registering precompiled user dll's ...
Registered in 0.000548 seconds.
Begin MonoManager ReloadAssembly
Native extension for WindowsStandalone target not found
Native extension for WebGL target not found
Refreshing native plugins compatible for Editor in 0.25 ms, found 0 plugins.
Preloading 0 native plugins for Editor in 0.00 ms.
Mono: successfully reloaded assembly
- Completed reload, in  0.657 seconds
Platform modules already initialized, skipping
Refreshing native plugins compatible for Editor in 0.38 ms, found 0 plugins.
Preloading 0 native plugins for Editor in 0.00 ms.
Unloading 1112 Unused Serialized files (Serialized files now loaded: 0)
System memory in use before: 60.6 MB.
System memory in use after: 60.7 MB.

Unloading 6 unused Assets to reduce memory usage. Loaded Objects now: 1627.
Total: 1.593600 ms (FindLiveObjects: 0.219300 ms CreateObjectMapping: 0.031900 ms MarkObjects: 1.278400 ms  DeleteObjects: 0.062700 ms)

========================================================================
Received Prepare
Registering precompiled user dll's ...
Registered in 0.000729 seconds.
Begin MonoManager ReloadAssembly
Native extension for WindowsStandalone target not found
Native extension for WebGL target not found
Refreshing native plugins compatible for Editor in 0.26 ms, found 0 plugins.
Preloading 0 native plugins for Editor in 0.00 ms.
Mono: successfully reloaded assembly
- Completed reload, in  0.652 seconds
Platform modules already initialized, skipping
Refreshing native plugins compatible for Editor in 0.26 ms, found 0 plugins.
Preloading 0 native plugins for Editor in 0.00 ms.
Unloading 1112 Unused Serialized files (Serialized files now loaded: 0)
System memory in use before: 60.6 MB.
System memory in use after: 60.7 MB.

Unloading 6 unused Assets to reduce memory usage. Loaded Objects now: 1630.
Total: 1.726400 ms (FindLiveObjects: 0.172900 ms CreateObjectMapping: 0.032000 ms MarkObjects: 1.456100 ms  DeleteObjects: 0.064200 ms)

========================================================================
Received Prepare
Registering precompiled user dll's ...
Registered in 0.000573 seconds.
Begin MonoManager ReloadAssembly
Native extension for WindowsStandalone target not found
Native extension for WebGL target not found
Refreshing native plugins compatible for Editor in 0.23 ms, found 0 plugins.
Preloading 0 native plugins for Editor in 0.00 ms.
Mono: successfully reloaded assembly
- Completed reload, in  0.634 seconds
Platform modules already initialized, skipping
Refreshing native plugins compatible for Editor in 0.27 ms, found 0 plugins.
Preloading 0 native plugins for Editor in 0.00 ms.
Unloading 1112 Unused Serialized files (Serialized files now loaded: 0)
System memory in use before: 60.6 MB.
System memory in use after: 60.7 MB.

Unloading 6 unused Assets to reduce memory usage. Loaded Objects now: 1633.
Total: 1.795500 ms (FindLiveObjects: 0.139100 ms CreateObjectMapping: 0.033400 ms MarkObjects: 1.557500 ms  DeleteObjects: 0.063900 ms)

========================================================================
Received Import Request.
  Time since last request: 259.640439 seconds.
  path: Assets/Resources/AMat.mat
  artifactKey: Guid(aa2b87243abdc9249b64eb9c08f8d333) Importer(815301076,1909f56bfc062723c751e8b465ee728b)
Start importing Assets/Resources/AMat.mat using Guid(aa2b87243abdc9249b64eb9c08f8d333) Importer(815301076,1909f56bfc062723c751e8b465ee728b)  -> (artifact id: '970114fe0aa5bed5254ac09fc1217d25') in 0.052718 seconds
  Import took 0.055193 seconds .

========================================================================
Received Import Request.
  Time since last request: 0.000213 seconds.
  path: Assets/Resources/TestMat.mat
  artifactKey: Guid(8158ab4303cbff549a835228b8be3dbc) Importer(815301076,1909f56bfc062723c751e8b465ee728b)
Start importing Assets/Resources/TestMat.mat using Guid(8158ab4303cbff549a835228b8be3dbc) Importer(815301076,1909f56bfc062723c751e8b465ee728b)  -> (artifact id: 'b339ffdfcb654ddd66897fbabc4b37d1') in 0.007937 seconds
  Import took 0.009688 seconds .

========================================================================
Received Import Request.
  Time since last request: 74.537695 seconds.
  path: Assets/Resources/greenA.png
  artifactKey: Guid(b5fce5afdb1d6b04a8b0bb2a1d009521) Importer(815301076,1909f56bfc062723c751e8b465ee728b)
Start importing Assets/Resources/greenA.png using Guid(b5fce5afdb1d6b04a8b0bb2a1d009521) Importer(815301076,1909f56bfc062723c751e8b465ee728b)  -> (artifact id: '03bdfd695f1542c4599ace375eb20589') in 0.013161 seconds
  Import took 0.015526 seconds .

========================================================================
Received Prepare
Registering precompiled user dll's ...
Registered in 0.042962 seconds.
Begin MonoManager ReloadAssembly
Native extension for WindowsStandalone target not found
Native extension for WebGL target not found
Refreshing native plugins compatible for Editor in 0.32 ms, found 0 plugins.
Preloading 0 native plugins for Editor in 0.00 ms.
Mono: successfully reloaded assembly
- Completed reload, in  3.929 seconds
Platform modules already initialized, skipping
Refreshing native plugins compatible for Editor in 0.26 ms, found 0 plugins.
Preloading 0 native plugins for Editor in 0.00 ms.
Unloading 1112 Unused Serialized files (Serialized files now loaded: 0)
System memory in use before: 60.7 MB.
System memory in use after: 60.7 MB.

Unloading 6 unused Assets to reduce memory usage. Loaded Objects now: 1637.
Total: 1.841600 ms (FindLiveObjects: 0.191900 ms CreateObjectMapping: 0.110300 ms MarkObjects: 1.414500 ms  DeleteObjects: 0.122300 ms)

AssetImportWorkerClient::OnTransportError - code=2 error=End of file
